{
  "RSpec": {
    "coverage": {
      "/Users/vaidashi/turing/3module/mid-mod-assessment/alt-fuel-finder/app/helpers/application_helper.rb": [
        1,
        null
      ],
      "/Users/vaidashi/turing/3module/mid-mod-assessment/alt-fuel-finder/app/controllers/welcome_controller.rb": [
        1,
        1,
        null,
        null,
        null
      ],
      "/Users/vaidashi/turing/3module/mid-mod-assessment/alt-fuel-finder/app/controllers/application_controller.rb": [
        1,
        null,
        null,
        1,
        null
      ],
      "/Users/vaidashi/turing/3module/mid-mod-assessment/alt-fuel-finder/app/controllers/search_controller.rb": [
        null,
        1,
        null,
        1,
        null,
        null,
        1,
        0,
        null,
        null,
        null,
        null
      ]
    },
    "timestamp": 1508344230
  }
}
